<?xml version="1.0" encoding="UTF-8"?>
<testExecutions version="1">
  <file path="/mnt/c/WS-Bender/repos/private/appointment-creator/src/date-utils.spec.ts">
    <testCase name="Datum Muttertag, wenn der erste kein Sonntag ist" duration="21"/>
    <testCase name="Datum Muttertag, wenn der erste ein Sonntag ist" duration="1"/>
    <testCase name="Datum 1. Advent, wenn Heiligabend kein Sonntag ist" duration="2"/>
    <testCase name="Datum 1. Advent, wenn Heiligabend ein Sonntag ist" duration="1"/>
    <testCase name="Datum Todensonntag, wenn Heiligabend kein Sonntag ist" duration="1"/>
    <testCase name="Datum Todensonntag, wenn Heiligabend ein Sonntag ist" duration="2"/>
    <testCase name="Datum Ostersonntag, 2020" duration="1"/>
    <testCase name="Datum Ostersonntag, 2021" duration="1"/>
  </file>
  <file path="/mnt/c/WS-Bender/repos/private/appointment-creator/src/appointments/school-holiday-appointment.spec.ts">
    <testCase name="School Holiday split 2 Wochen" duration="27"/>
    <testCase name="School Holiday Weihnachtsferien 2021 fangen donnerstags an (Issue #10)" duration="8"/>
    <testCase name="School Holiday Osterferien 2021 fangen dienstags an (Issue #9)" duration="6"/>
  </file>
</testExecutions>